# JRE version: OpenJDK Runtime Environment (8.0_112-b06) (build 1.8.0_112-release-b06)
# Java VM: OpenJDK 64-Bit Server VM (25.112-b06 mixed mode windows-amd64 compressed oops)
Heap:
 PSYoungGen      total 459776K, used 154065K [0x00000000e0000000, 0x0000000100000000, 0x0000000100000000)
  eden space 404992K, 24% used [0x00000000e0000000,0x00000000e611aa88,0x00000000f8b80000)
  from space 54784K, 99% used [0x00000000f8b80000,0x00000000fc0d99e0,0x00000000fc100000)
  to   space 64512K, 0% used [0x00000000fc100000,0x00000000fc100000,0x0000000100000000)
 ParOldGen       total 280576K, used 146615K [0x00000000a0000000, 0x00000000b1200000, 0x00000000e0000000)
  object space 280576K, 52% used [0x00000000a0000000,0x00000000a8f2de00,0x00000000b1200000)
 Metaspace       used 63881K, capacity 65724K, committed 66048K, reserved 1105920K
  class space    used 8161K, capacity 8581K, committed 8704K, reserved 1048576K
GC Heap History (10 events):
Event: 32.079 GC heap before
{Heap before GC invocations=16 (full 3):
 PSYoungGen      total 235008K, used 234979K [0x00000000e0000000, 0x00000000f3f80000, 0x0000000100000000)
  eden space 207360K, 100% used [0x00000000e0000000,0x00000000eca80000,0x00000000eca80000)
  from space 27648K, 99% used [0x00000000eee80000,0x00000000f0978fa8,0x00000000f0980000)
  to   space 36864K, 0% used [0x00000000eca80000,0x00000000eca80000,0x00000000eee80000)
 ParOldGen       total 280576K, used 52989K [0x00000000a0000000, 0x00000000b1200000, 0x00000000e0000000)
  object space 280576K, 18% used [0x00000000a0000000,0x00000000a33bf518,0x00000000b1200000)
 Metaspace       used 63749K, capacity 65660K, committed 65792K, reserved 1105920K
  class space    used 8159K, capacity 8581K, committed 8704K, reserved 1048576K
Event: 32.146 GC heap after
Heap after GC invocations=16 (full 3):
 PSYoungGen      total 244224K, used 36851K [0x00000000e0000000, 0x00000000f8000000, 0x0000000100000000)
  eden space 207360K, 0% used [0x00000000e0000000,0x00000000e0000000,0x00000000eca80000)
  from space 36864K, 99% used [0x00000000eca80000,0x00000000eee7cf10,0x00000000eee80000)
  to   space 46592K, 0% used [0x00000000f5280000,0x00000000f5280000,0x00000000f8000000)
 ParOldGen       total 280576K, used 63750K [0x00000000a0000000, 0x00000000b1200000, 0x00000000e0000000)
  object space 280576K, 22% used [0x00000000a0000000,0x00000000a3e41b18,0x00000000b1200000)
 Metaspace       used 63749K, capacity 65660K, committed 65792K, reserved 1105920K
  class space    used 8159K, capacity 8581K, committed 8704K, reserved 1048576K
}
Event: 32.501 GC heap before
{Heap before GC invocations=17 (full 3):
 PSYoungGen      total 244224K, used 244211K [0x00000000e0000000, 0x00000000f8000000, 0x0000000100000000)
  eden space 207360K, 100% used [0x00000000e0000000,0x00000000eca80000,0x00000000eca80000)
  from space 36864K, 99% used [0x00000000eca80000,0x00000000eee7cf10,0x00000000eee80000)
  to   space 46592K, 0% used [0x00000000f5280000,0x00000000f5280000,0x00000000f8000000)
 ParOldGen       total 280576K, used 63754K [0x00000000a0000000, 0x00000000b1200000, 0x00000000e0000000)
  object space 280576K, 22% used [0x00000000a0000000,0x00000000a3e42818,0x00000000b1200000)
 Metaspace       used 63784K, capacity 65660K, committed 65792K, reserved 1105920K
  class space    used 8160K, capacity 8581K, committed 8704K, reserved 1048576K
Event: 32.567 GC heap after
Heap after GC invocations=17 (full 3):
 PSYoungGen      total 332288K, used 46582K [0x00000000e0000000, 0x00000000fa700000, 0x0000000100000000)
  eden space 285696K, 0% used [0x00000000e0000000,0x00000000e0000000,0x00000000f1700000)
  from space 46592K, 99% used [0x00000000f5280000,0x00000000f7ffdbb0,0x00000000f8000000)
  to   space 60928K, 0% used [0x00000000f1700000,0x00000000f1700000,0x00000000f5280000)
 ParOldGen       total 280576K, used 82913K [0x00000000a0000000, 0x00000000b1200000, 0x00000000e0000000)
  object space 280576K, 29% used [0x00000000a0000000,0x00000000a50f8470,0x00000000b1200000)
 Metaspace       used 63784K, capacity 65660K, committed 65792K, reserved 1105920K
  class space    used 8160K, capacity 8581K, committed 8704K, reserved 1048576K
}
Event: 32.575 GC heap before
{Heap before GC invocations=18 (full 3):
 PSYoungGen      total 332288K, used 51526K [0x00000000e0000000, 0x00000000fa700000, 0x0000000100000000)
  eden space 285696K, 1% used [0x00000000e0000000,0x00000000e04d3d28,0x00000000f1700000)
  from space 46592K, 99% used [0x00000000f5280000,0x00000000f7ffdbb0,0x00000000f8000000)
  to   space 60928K, 0% used [0x00000000f1700000,0x00000000f1700000,0x00000000f5280000)
 ParOldGen       total 280576K, used 82913K [0x00000000a0000000, 0x00000000b1200000, 0x00000000e0000000)
  object space 280576K, 29% used [0x00000000a0000000,0x00000000a50f8470,0x00000000b1200000)
 Metaspace       used 63785K, capacity 65660K, committed 65792K, reserved 1105920K
  class space    used 8160K, capacity 8581K, committed 8704K, reserved 1048576K
Event: 32.626 GC heap after
Heap after GC invocations=18 (full 3):
 PSYoungGen      total 346624K, used 28262K [0x00000000e0000000, 0x0000000100000000, 0x0000000100000000)
  eden space 285696K, 0% used [0x00000000e0000000,0x00000000e0000000,0x00000000f1700000)
  from space 60928K, 46% used [0x00000000f1700000,0x00000000f3299aa0,0x00000000f5280000)
  to   space 58368K, 0% used [0x00000000fc700000,0x00000000fc700000,0x0000000100000000)
 ParOldGen       total 280576K, used 101411K [0x00000000a0000000, 0x00000000b1200000, 0x00000000e0000000)
  object space 280576K, 36% used [0x00000000a0000000,0x00000000a6308c40,0x00000000b1200000)
 Metaspace       used 63785K, capacity 65660K, committed 65792K, reserved 1105920K
  class space    used 8160K, capacity 8581K, committed 8704K, reserved 1048576K
}
Event: 34.631 GC heap before
{Heap before GC invocations=19 (full 3):
 PSYoungGen      total 346624K, used 313958K [0x00000000e0000000, 0x0000000100000000, 0x0000000100000000)
  eden space 285696K, 100% used [0x00000000e0000000,0x00000000f1700000,0x00000000f1700000)
  from space 60928K, 46% used [0x00000000f1700000,0x00000000f3299aa0,0x00000000f5280000)
  to   space 58368K, 0% used [0x00000000fc700000,0x00000000fc700000,0x0000000100000000)
 ParOldGen       total 280576K, used 101411K [0x00000000a0000000, 0x00000000b1200000, 0x00000000e0000000)
  object space 280576K, 36% used [0x00000000a0000000,0x00000000a6308c40,0x00000000b1200000)
 Metaspace       used 63851K, capacity 65724K, committed 66048K, reserved 1105920K
  class space    used 8161K, capacity 8581K, committed 8704K, reserved 1048576K
Event: 34.701 GC heap after
Heap after GC invocations=19 (full 3):
 PSYoungGen      total 457728K, used 29249K [0x00000000e0000000, 0x00000000ffa80000, 0x0000000100000000)
  eden space 404992K, 0% used [0x00000000e0000000,0x00000000e0000000,0x00000000f8b80000)
  from space 52736K, 55% used [0x00000000fc700000,0x00000000fe3906a8,0x00000000ffa80000)
  to   space 56832K, 0% used [0x00000000f8b80000,0x00000000f8b80000,0x00000000fc300000)
 ParOldGen       total 280576K, used 120369K [0x00000000a0000000, 0x00000000b1200000, 0x00000000e0000000)
  object space 280576K, 42% used [0x00000000a0000000,0x00000000a758c5b8,0x00000000b1200000)
 Metaspace       used 63851K, capacity 65724K, committed 66048K, reserved 1105920K
  class space    used 8161K, capacity 8581K, committed 8704K, reserved 1048576K
}
Event: 35.342 GC heap before
{Heap before GC invocations=20 (full 3):
 PSYoungGen      total 457728K, used 434241K [0x00000000e0000000, 0x00000000ffa80000, 0x0000000100000000)
  eden space 404992K, 100% used [0x00000000e0000000,0x00000000f8b80000,0x00000000f8b80000)
  from space 52736K, 55% used [0x00000000fc700000,0x00000000fe3906a8,0x00000000ffa80000)
  to   space 56832K, 0% used [0x00000000f8b80000,0x00000000f8b80000,0x00000000fc300000)
 ParOldGen       total 280576K, used 120369K [0x00000000a0000000, 0x00000000b1200000, 0x00000000e0000000)
  object space 280576K, 42% used [0x00000000a0000000,0x00000000a758c5b8,0x00000000b1200000)
 Metaspace       used 63872K, capacity 65724K, committed 66048K, reserved 1105920K
  class space    used 8161K, capacity 8581K, committed 8704K, reserved 1048576K
Event: 35.422 GC heap after
Heap after GC invocations=20 (full 3):
 PSYoungGen      total 459776K, used 54630K [0x00000000e0000000, 0x0000000100000000, 0x0000000100000000)
  eden space 404992K, 0% used [0x00000000e0000000,0x00000000e0000000,0x00000000f8b80000)
  from space 54784K, 99% used [0x00000000f8b80000,0x00000000fc0d99e0,0x00000000fc100000)
  to   space 64512K, 0% used [0x00000000fc100000,0x00000000fc100000,0x0000000100000000)
 ParOldGen       total 280576K, used 146615K [0x00000000a0000000, 0x00000000b1200000, 0x00000000e0000000)
  object space 280576K, 52% used [0x00000000a0000000,0x00000000a8f2de00,0x00000000b1200000)
 Metaspace       used 63872K, capacity 65724K, committed 66048K, reserved 1105920K
  class space    used 8161K, capacity 8581K, committed 8704K, reserved 1048576K
}

